<?xml version="1.0" encoding="UTF-8"?>
<!DOCTYPE mapper PUBLIC "-//mybatis.org//DTD Mapper 3.0//EN" "http://mybatis.org/dtd/mybatis-3-mapper.dtd" >
<mapper namespace="testMapper">
  
   <select id="selectList" resultMap="testResultSet">
   	select testcode
   	from test
   </select>
   
   <resultMap type="Test" id="testResultSet">
      <result column="TESTCODE" property="testcode"/>
   </resultMap>
   
   
   
   
</mapper>